Added Component: Designator=A1(Arduino Mega)
Added Pin To Net: NetName=0 Pin=A1-0
Added Pin To Net: NetName=1 Pin=A1-1
Added Pin To Net: NetName=2 Pin=A1-2
Added Pin To Net: NetName=3 Pin=A1-3
Added Pin To Net: NetName=3V3 Pin=A1-3V3
Added Pin To Net: NetName=4 Pin=A1-4
Added Pin To Net: NetName=5 Pin=A1-5
Added Pin To Net: NetName=5V Pin=A1-5V1
Added Pin To Net: NetName=5V Pin=A1-5V2
Added Pin To Net: NetName=5V Pin=A1-5V3
Added Pin To Net: NetName=6 Pin=A1-6
Added Pin To Net: NetName=7 Pin=A1-7
Added Pin To Net: NetName=8 Pin=A1-8
Added Pin To Net: NetName=9 Pin=A1-9
Added Pin To Net: NetName=14 Pin=A1-14TX3
Added Pin To Net: NetName=15 Pin=A1-15RX3
Added Pin To Net: NetName=16 Pin=A1-16TX2
Added Pin To Net: NetName=17 Pin=A1-17RX2
Added Pin To Net: NetName=18 Pin=A1-18TX1
Added Pin To Net: NetName=19 Pin=A1-19RX1
Added Pin To Net: NetName=20 Pin=A1-20SDA
Added Pin To Net: NetName=21 Pin=A1-21SCL
Added Pin To Net: NetName=22 Pin=A1-22
Added Pin To Net: NetName=23 Pin=A1-23
Added Pin To Net: NetName=24 Pin=A1-24
Added Pin To Net: NetName=25 Pin=A1-25
Added Pin To Net: NetName=26 Pin=A1-26
Added Pin To Net: NetName=27 Pin=A1-27
Added Pin To Net: NetName=28 Pin=A1-28
Added Pin To Net: NetName=29 Pin=A1-29
Added Pin To Net: NetName=30 Pin=A1-30
Added Pin To Net: NetName=31 Pin=A1-31
Added Pin To Net: NetName=32 Pin=A1-32
Added Pin To Net: NetName=33 Pin=A1-33
Added Pin To Net: NetName=34 Pin=A1-34
Added Pin To Net: NetName=35 Pin=A1-35
Added Pin To Net: NetName=36 Pin=A1-36
Added Pin To Net: NetName=37 Pin=A1-37
Added Pin To Net: NetName=38 Pin=A1-38
Added Pin To Net: NetName=39 Pin=A1-39
Added Pin To Net: NetName=40 Pin=A1-40
Added Pin To Net: NetName=41 Pin=A1-41
Added Pin To Net: NetName=42 Pin=A1-42
Added Pin To Net: NetName=43 Pin=A1-43
Added Pin To Net: NetName=44 Pin=A1-44
Added Pin To Net: NetName=45 Pin=A1-45
Added Pin To Net: NetName=46 Pin=A1-46
Added Pin To Net: NetName=47 Pin=A1-47
Added Pin To Net: NetName=48 Pin=A1-48
Added Pin To Net: NetName=49 Pin=A1-49
Added Pin To Net: NetName=MISO Pin=A1-50
Added Pin To Net: NetName=MOSI Pin=A1-51
Added Pin To Net: NetName=SCK Pin=A1-52
Added Pin To Net: NetName=SS Pin=A1-53
Added Pin To Net: NetName=ICSP GND Pin=A1-200
Added Pin To Net: NetName=201 Pin=A1-201
Added Pin To Net: NetName=202 Pin=A1-202
Added Pin To Net: NetName=203 Pin=A1-203
Added Pin To Net: NetName=204 Pin=A1-204
Added Pin To Net: NetName=205 Pin=A1-205
Added Pin To Net: NetName=ICSP GND Pin=A1-300
Added Pin To Net: NetName=301 Pin=A1-301
Added Pin To Net: NetName=302 Pin=A1-302
Added Pin To Net: NetName=303 Pin=A1-303
Added Pin To Net: NetName=304 Pin=A1-304
Added Pin To Net: NetName=305 Pin=A1-305
Added Pin To Net: NetName=A0 Pin=A1-A0
Added Pin To Net: NetName=A1 Pin=A1-A1
Added Pin To Net: NetName=A2 Pin=A1-A2
Added Pin To Net: NetName=A3 Pin=A1-A3
Added Pin To Net: NetName=A4 Pin=A1-A4
Added Pin To Net: NetName=A5 Pin=A1-A5
Added Pin To Net: NetName=A6 Pin=A1-A6
Added Pin To Net: NetName=A7 Pin=A1-A7
Added Pin To Net: NetName=A8 Pin=A1-A8
Added Pin To Net: NetName=A9 Pin=A1-A9
Added Pin To Net: NetName=A10 Pin=A1-A10
Added Pin To Net: NetName=A11 Pin=A1-A11
Added Pin To Net: NetName=A12 Pin=A1-A12
Added Pin To Net: NetName=A13 Pin=A1-A13
Added Pin To Net: NetName=AREF Pin=A1-AREF
Added Pin To Net: NetName=GND Pin=A1-GND1
Added Pin To Net: NetName=GND Pin=A1-GND2
Added Pin To Net: NetName=GND Pin=A1-GND3
Added Pin To Net: NetName=GND Pin=A1-GND4
Added Pin To Net: NetName=GND Pin=A1-GND5
Added Pin To Net: NetName=IOREF Pin=A1-IOREF
Added Pin To Net: NetName=RESET Pin=A1-RESET
Added Pin To Net: NetName=SCL Pin=A1-SCL
Added Pin To Net: NetName=SDA Pin=A1-SDA
Added Pin To Net: NetName=VIN Pin=A1-VIN
Added Member To Class: ClassName=Main Member=Component A1 Arduino Mega R3
