Removed Pin From Net: NetName=column1 Pin=Arduino Mega-22
Removed Pin From Net: NetName=column2 Pin=Arduino Mega-23
Removed Pin From Net: NetName=column3 Pin=Arduino Mega-24
Removed Pin From Net: NetName=column4 Pin=Arduino Mega-25
Removed Pin From Net: NetName=row1 Pin=Arduino Mega-26
Removed Pin From Net: NetName=row2 Pin=Arduino Mega-27
Removed Pin From Net: NetName=row3 Pin=Arduino Mega-28
Removed Pin From Net: NetName=row4 Pin=Arduino Mega-29
Removed Pin From Net: NetName=Tilt Pin=Arduino Mega-30
Removed Pin From Net: NetName=RGB_RED Pin=Arduino Mega-31
Removed Pin From Net: NetName=RGB_GREEN Pin=Arduino Mega-32
Removed Pin From Net: NetName=RGB_BLUE Pin=Arduino Mega-33
Removed Pin From Net: NetName=column1 Pin=B1-1
Removed Pin From Net: NetName=column2 Pin=B2-1
Removed Pin From Net: NetName=column3 Pin=B3-1
Removed Pin From Net: NetName=column4 Pin=B4-1
Removed Pin From Net: NetName=column1 Pin=B5-1
Removed Pin From Net: NetName=column2 Pin=B6-1
Removed Pin From Net: NetName=column3 Pin=B7-1
Removed Pin From Net: NetName=column4 Pin=B8-1
Removed Pin From Net: NetName=column1 Pin=B9-1
Removed Pin From Net: NetName=column2 Pin=B10-1
Removed Pin From Net: NetName=column3 Pin=B11-1
Removed Pin From Net: NetName=column4 Pin=B12-1
Removed Pin From Net: NetName=column1 Pin=B13-1
Removed Pin From Net: NetName=column2 Pin=B14-1
Removed Pin From Net: NetName=column3 Pin=B15-1
Removed Pin From Net: NetName=column4 Pin=B16-1
Removed Pin From Net: NetName=+5V Pin=C1-1
Removed Pin From Net: NetName=+5V Pin=P2-2
Change Component Comment : Designator=P1 Old Comment=Header 6 New Comment=SD
Added Pin To Net: NetName=row4 Pin=Arduino Mega-22
Added Pin To Net: NetName=row3 Pin=Arduino Mega-23
Added Pin To Net: NetName=row2 Pin=Arduino Mega-24
Added Pin To Net: NetName=row1 Pin=Arduino Mega-25
Added Pin To Net: NetName=column1 Pin=Arduino Mega-26
Added Pin To Net: NetName=column2 Pin=Arduino Mega-27
Added Pin To Net: NetName=column3 Pin=Arduino Mega-28
Added Pin To Net: NetName=column4 Pin=Arduino Mega-29
Added Pin To Net: NetName=Tilt Pin=Arduino Mega-38
Added Pin To Net: NetName=RGB_RED Pin=Arduino Mega-39
Added Pin To Net: NetName=RGB_GREEN Pin=Arduino Mega-40
Added Pin To Net: NetName=RGB_BLUE Pin=Arduino Mega-41
Change Net Name : Old Net Name=row1 New Net Name=row4
Change Net Name : Old Net Name=row2 New Net Name=row3
Change Net Name : Old Net Name=row3 New Net Name=row2
Change Net Name : Old Net Name=row4 New Net Name=row1
Added Pin To Net: NetName=+3V3 Pin=Arduino Mega-55
Added Pin To Net: NetName=+3V3 Pin=C1-1
Added Pin To Net: NetName=+3V3 Pin=P2-2
Added Net: Name=+3V3
Added Member To Class: ClassName=main Member=Component Arduino Mega
Added Member To Class: ClassName=main Member=Component Arduino Uno
