Added Component: Designator=J2(TB00250002BE)
Add component (AddParameter): Name = "Arrow Part Number"; Value = "TB002-500-02BE"; VariantName = "[No Variations]"
Add component (AddParameter): Name = "Arrow Price/Stock"; Value = "https://www.arrow.com/en/products/tb002-500-02be/cui-devices?region=nac"; VariantName = "[No Variations]"
Add component (AddParameter): Name = "Datasheet Link"; Value = "https://eu.mouser.com/datasheet/2/670/tb002_500-1550579.pdf"; VariantName = "[No Variations]"
Add component (AddParameter): Name = "Height"; Value = "10.4mm"; VariantName = "[No Variations]"
Add component (AddParameter): Name = "Manufacturer_Name"; Value = "CUI Devices"; VariantName = "[No Variations]"
Add component (AddParameter): Name = "Manufacturer_Part_Number"; Value = "TB002-500-02BE"; VariantName = "[No Variations]"
Add component (AddParameter): Name = "Mouser Part Number"; Value = "490-TB002-500-02BE"; VariantName = "[No Variations]"
Add component (AddParameter): Name = "Mouser Price/Stock"; Value = "https://www.mouser.co.uk/ProductDetail/CUI-Devices/TB002-500-02BE?qs=vLWxofP3U2x9716kcgva%2Fw%3D%3D"; VariantName = "[No Variations]"
Added Component: Designator=J3(TB00250002BE)
Add component (AddParameter): Name = "Arrow Part Number"; Value = "TB002-500-02BE"; VariantName = "[No Variations]"
Add component (AddParameter): Name = "Arrow Price/Stock"; Value = "https://www.arrow.com/en/products/tb002-500-02be/cui-devices?region=nac"; VariantName = "[No Variations]"
Add component (AddParameter): Name = "Datasheet Link"; Value = "https://eu.mouser.com/datasheet/2/670/tb002_500-1550579.pdf"; VariantName = "[No Variations]"
Add component (AddParameter): Name = "Height"; Value = "10.4mm"; VariantName = "[No Variations]"
Add component (AddParameter): Name = "Manufacturer_Name"; Value = "CUI Devices"; VariantName = "[No Variations]"
Add component (AddParameter): Name = "Manufacturer_Part_Number"; Value = "TB002-500-02BE"; VariantName = "[No Variations]"
Add component (AddParameter): Name = "Mouser Part Number"; Value = "490-TB002-500-02BE"; VariantName = "[No Variations]"
Add component (AddParameter): Name = "Mouser Price/Stock"; Value = "https://www.mouser.co.uk/ProductDetail/CUI-Devices/TB002-500-02BE?qs=vLWxofP3U2x9716kcgva%2Fw%3D%3D"; VariantName = "[No Variations]"
Added Component: Designator=J4(TB00250002BE)
Add component (AddParameter): Name = "Arrow Part Number"; Value = "TB002-500-02BE"; VariantName = "[No Variations]"
Add component (AddParameter): Name = "Arrow Price/Stock"; Value = "https://www.arrow.com/en/products/tb002-500-02be/cui-devices?region=nac"; VariantName = "[No Variations]"
Add component (AddParameter): Name = "Datasheet Link"; Value = "https://eu.mouser.com/datasheet/2/670/tb002_500-1550579.pdf"; VariantName = "[No Variations]"
Add component (AddParameter): Name = "Height"; Value = "10.4mm"; VariantName = "[No Variations]"
Add component (AddParameter): Name = "Manufacturer_Name"; Value = "CUI Devices"; VariantName = "[No Variations]"
Add component (AddParameter): Name = "Manufacturer_Part_Number"; Value = "TB002-500-02BE"; VariantName = "[No Variations]"
Add component (AddParameter): Name = "Mouser Part Number"; Value = "490-TB002-500-02BE"; VariantName = "[No Variations]"
Add component (AddParameter): Name = "Mouser Price/Stock"; Value = "https://www.mouser.co.uk/ProductDetail/CUI-Devices/TB002-500-02BE?qs=vLWxofP3U2x9716kcgva%2Fw%3D%3D"; VariantName = "[No Variations]"
Added Pin To Net: NetName=GND Pin=J2-1
Added Pin To Net: NetName=GND Pin=J2-2
Added Pin To Net: NetName=5V Pin=J3-1
Added Pin To Net: NetName=5V Pin=J3-2
Added Pin To Net: NetName=SCL Pin=J4-1
Added Pin To Net: NetName=SDA Pin=J4-2
Added Member To Class: ClassName=Main Member=Component J2 TB002-500-02BE
Added Member To Class: ClassName=Main Member=Component J3 TB002-500-02BE
Added Member To Class: ClassName=Main Member=Component J4 TB002-500-02BE
