Removed Pin From Net: NetName=GND Pin=J1-1
Removed Pin From Net: NetName=SCL Pin=J1-2
Removed Pin From Net: NetName=SDA Pin=J1-3
Removed Pin From Net: NetName=AREF Pin=J1-4
Removed Pin From Net: NetName=13 Pin=J1-5
Removed Pin From Net: NetName=12 Pin=J1-6
Removed Pin From Net: NetName=11 Pin=J1-7
Removed Pin From Net: NetName=10 Pin=J1-8
Removed Pin From Net: NetName=9 Pin=J1-9
Removed Pin From Net: NetName=8 Pin=J1-10
Removed Pin From Net: NetName=7 Pin=J1-11
Removed Pin From Net: NetName=6 Pin=J1-12
Removed Pin From Net: NetName=5 Pin=J1-13
Removed Pin From Net: NetName=4 Pin=J1-14
Removed Pin From Net: NetName=3 Pin=J1-15
Removed Pin From Net: NetName=2 Pin=J1-16
Removed Pin From Net: NetName=1 Pin=J1-17
Removed Pin From Net: NetName=0 Pin=J1-18
Removed Pin From Net: NetName=A5 Pin=J1-19
Removed Pin From Net: NetName=A4 Pin=J1-20
Removed Pin From Net: NetName=A3 Pin=J1-21
Removed Pin From Net: NetName=A1 Pin=J1-23
Removed Pin From Net: NetName=A0 Pin=J1-24
Removed Pin From Net: NetName=VIN Pin=J1-25
Removed Pin From Net: NetName=5V Pin=J1-26
Removed Pin From Net: NetName=3V3 Pin=J1-27
Removed Pin From Net: NetName=RESET Pin=J1-28
Removed Pin From Net: NetName=IOREF Pin=J1-29
Removed Pin From Net: NetName=201 Pin=J1-30
Removed Pin From Net: NetName=202 Pin=J1-31
Removed Pin From Net: NetName=204 Pin=J1-33
Removed Pin From Net: NetName=205 Pin=J1-34
Removed Pin From Net: NetName=301 Pin=J1-35
Removed Pin From Net: NetName=302 Pin=J1-36
Removed Pin From Net: NetName=303 Pin=J1-37
Removed Pin From Net: NetName=304 Pin=J1-38
Removed Pin From Net: NetName=305 Pin=J1-39
Removed Pin From Net: NetName=GND Pin=J1-40
Added Pin To Net: NetName=301 Pin=J1-1
Added Pin To Net: NetName=302 Pin=J1-2
Added Pin To Net: NetName=303 Pin=J1-3
Added Pin To Net: NetName=304 Pin=J1-4
Added Pin To Net: NetName=305 Pin=J1-5
Added Pin To Net: NetName=IOREF Pin=J1-6
Added Pin To Net: NetName=SCL Pin=J1-7
Added Pin To Net: NetName=RESET Pin=J1-8
Added Pin To Net: NetName=SDA Pin=J1-9
Added Pin To Net: NetName=3V3 Pin=J1-10
Added Pin To Net: NetName=AREF Pin=J1-11
Added Pin To Net: NetName=5V Pin=J1-12
Added Pin To Net: NetName=13 Pin=J1-13
Added Pin To Net: NetName=GND Pin=J1-14
Added Pin To Net: NetName=12 Pin=J1-15
Added Pin To Net: NetName=VIN Pin=J1-16
Added Pin To Net: NetName=11 Pin=J1-17
Added Pin To Net: NetName=A0 Pin=J1-18
Added Pin To Net: NetName=10 Pin=J1-19
Added Pin To Net: NetName=A1 Pin=J1-20
Added Pin To Net: NetName=9 Pin=J1-21
Added Pin To Net: NetName=8 Pin=J1-23
Added Pin To Net: NetName=A3 Pin=J1-24
Added Pin To Net: NetName=7 Pin=J1-25
Added Pin To Net: NetName=A4 Pin=J1-26
Added Pin To Net: NetName=6 Pin=J1-27
Added Pin To Net: NetName=A5 Pin=J1-28
Added Pin To Net: NetName=5 Pin=J1-29
Added Pin To Net: NetName=205 Pin=J1-30
Added Pin To Net: NetName=4 Pin=J1-31
Added Pin To Net: NetName=3 Pin=J1-33
Added Pin To Net: NetName=201 Pin=J1-34
Added Pin To Net: NetName=2 Pin=J1-35
Added Pin To Net: NetName=GND Pin=J1-36
Added Pin To Net: NetName=1 Pin=J1-37
Added Pin To Net: NetName=202 Pin=J1-38
Added Pin To Net: NetName=0 Pin=J1-39
Added Pin To Net: NetName=204 Pin=J1-40
